[Tue Jun 04 09:05:47.539405 2019] [mpm_prefork:notice] [pid 1361] AH00163: Apache/2.4.29 (Ubuntu) configured -- resuming normal operations
[Tue Jun 04 09:05:47.539431 2019] [core:notice] [pid 1361] AH00094: Command line: '/usr/sbin/apache2'
[Tue Jun 04 09:07:23.188450 2019] [php7:warn] [pid 6095] [client ::1:40242] PHP Warning:  A non-numeric value encountered in /var/www/html/module2/session1/ProductDiscountCalculator/index.php on line 38, referer: http://localhost/module2/session1/ProductDiscountCalculator/index.php?_ijt=n2n079lhotnmro4sit1mdkjtqk
[Tue Jun 04 09:07:23.188486 2019] [php7:warn] [pid 6095] [client ::1:40242] PHP Warning:  A non-numeric value encountered in /var/www/html/module2/session1/ProductDiscountCalculator/index.php on line 38, referer: http://localhost/module2/session1/ProductDiscountCalculator/index.php?_ijt=n2n079lhotnmro4sit1mdkjtqk
[Tue Jun 04 09:07:23.188495 2019] [php7:warn] [pid 6095] [client ::1:40242] PHP Warning:  A non-numeric value encountered in /var/www/html/module2/session1/ProductDiscountCalculator/index.php on line 39, referer: http://localhost/module2/session1/ProductDiscountCalculator/index.php?_ijt=n2n079lhotnmro4sit1mdkjtqk
[Tue Jun 04 09:07:24.334926 2019] [php7:warn] [pid 6095] [client ::1:40242] PHP Warning:  A non-numeric value encountered in /var/www/html/module2/session1/ProductDiscountCalculator/display_discount.php on line 38, referer: http://localhost/module2/session1/ProductDiscountCalculator/index.php?_ijt=n2n079lhotnmro4sit1mdkjtqk
[Tue Jun 04 09:07:24.334948 2019] [php7:warn] [pid 6095] [client ::1:40242] PHP Warning:  A non-numeric value encountered in /var/www/html/module2/session1/ProductDiscountCalculator/display_discount.php on line 38, referer: http://localhost/module2/session1/ProductDiscountCalculator/index.php?_ijt=n2n079lhotnmro4sit1mdkjtqk
[Tue Jun 04 09:07:24.334959 2019] [php7:warn] [pid 6095] [client ::1:40242] PHP Warning:  A non-numeric value encountered in /var/www/html/module2/session1/ProductDiscountCalculator/display_discount.php on line 39, referer: http://localhost/module2/session1/ProductDiscountCalculator/index.php?_ijt=n2n079lhotnmro4sit1mdkjtqk
[Tue Jun 04 09:12:04.184127 2019] [php7:warn] [pid 6097] [client ::1:40264] PHP Warning:  A non-numeric value encountered in /var/www/html/module2/session1/ProductDiscountCalculator/display_discount.php on line 22, referer: http://localhost/module2/session1/ProductDiscountCalculator/index.php?_ijt=n2n079lhotnmro4sit1mdkjtqk
[Tue Jun 04 09:12:04.184181 2019] [php7:warn] [pid 6097] [client ::1:40264] PHP Warning:  A non-numeric value encountered in /var/www/html/module2/session1/ProductDiscountCalculator/display_discount.php on line 22, referer: http://localhost/module2/session1/ProductDiscountCalculator/index.php?_ijt=n2n079lhotnmro4sit1mdkjtqk
[Tue Jun 04 09:12:04.184193 2019] [php7:warn] [pid 6097] [client ::1:40264] PHP Warning:  A non-numeric value encountered in /var/www/html/module2/session1/ProductDiscountCalculator/display_discount.php on line 23, referer: http://localhost/module2/session1/ProductDiscountCalculator/index.php?_ijt=n2n079lhotnmro4sit1mdkjtqk
[Tue Jun 04 09:13:47.834928 2019] [php7:warn] [pid 6099] [client ::1:40274] PHP Warning:  A non-numeric value encountered in /var/www/html/module2/session1/ProductDiscountCalculator/display_discount.php on line 22, referer: http://localhost/module2/session1/ProductDiscountCalculator/index.php?_ijt=n2n079lhotnmro4sit1mdkjtqk
[Tue Jun 04 09:13:47.834970 2019] [php7:warn] [pid 6099] [client ::1:40274] PHP Warning:  A non-numeric value encountered in /var/www/html/module2/session1/ProductDiscountCalculator/display_discount.php on line 22, referer: http://localhost/module2/session1/ProductDiscountCalculator/index.php?_ijt=n2n079lhotnmro4sit1mdkjtqk
[Tue Jun 04 09:13:47.834980 2019] [php7:warn] [pid 6099] [client ::1:40274] PHP Warning:  A non-numeric value encountered in /var/www/html/module2/session1/ProductDiscountCalculator/display_discount.php on line 23, referer: http://localhost/module2/session1/ProductDiscountCalculator/index.php?_ijt=n2n079lhotnmro4sit1mdkjtqk
[Tue Jun 04 11:09:27.936321 2019] [php7:notice] [pid 6099] [client ::1:41034] PHP Notice:  Undefined index: draw in /var/www/html/module2/session1/ShowDraw/index.php on line 13
[Tue Jun 04 11:09:45.522253 2019] [php7:notice] [pid 6095] [client ::1:41038] PHP Notice:  Undefined index: draw in /var/www/html/module2/session1/ShowDraw/index.php on line 13
[Tue Jun 04 11:10:14.382429 2019] [php7:notice] [pid 6097] [client ::1:41044] PHP Notice:  Undefined variable: indraw in /var/www/html/module2/session1/ShowDraw/index.php on line 32
[Tue Jun 04 11:10:16.280505 2019] [php7:notice] [pid 6097] [client ::1:41044] PHP Notice:  Undefined variable: indraw in /var/www/html/module2/session1/ShowDraw/index.php on line 32
[Tue Jun 04 11:10:19.969599 2019] [php7:notice] [pid 6097] [client ::1:41044] PHP Notice:  Undefined variable: indraw in /var/www/html/module2/session1/ShowDraw/index.php on line 32
[Tue Jun 04 11:10:24.802886 2019] [php7:notice] [pid 6097] [client ::1:41044] PHP Notice:  Undefined variable: indraw in /var/www/html/module2/session1/ShowDraw/index.php on line 32
[Tue Jun 04 11:10:26.289720 2019] [php7:notice] [pid 6097] [client ::1:41044] PHP Notice:  Undefined variable: indraw in /var/www/html/module2/session1/ShowDraw/index.php on line 32
[Tue Jun 04 11:10:34.586007 2019] [php7:notice] [pid 6099] [client ::1:41048] PHP Notice:  Undefined variable: indraw in /var/www/html/module2/session1/ShowDraw/index.php on line 32
[Tue Jun 04 11:12:08.606660 2019] [php7:notice] [pid 6095] [client ::1:41064] PHP Notice:  Undefined variable: indraw in /var/www/html/module2/session1/ShowDraw/index.php on line 34
[Tue Jun 04 11:12:12.570207 2019] [php7:notice] [pid 6095] [client ::1:41064] PHP Notice:  Undefined variable: indraw in /var/www/html/module2/session1/ShowDraw/index.php on line 34, referer: http://localhost/module2/session1/ShowDraw/index.php?_ijt=746f5n4g3n49bjatbnkvvvjfmj
[Tue Jun 04 11:12:13.297159 2019] [php7:notice] [pid 6095] [client ::1:41064] PHP Notice:  Undefined variable: indraw in /var/www/html/module2/session1/ShowDraw/index.php on line 34, referer: http://localhost/module2/session1/ShowDraw/index.php?draw=rectangle
[Tue Jun 04 11:12:13.511368 2019] [php7:notice] [pid 6095] [client ::1:41064] PHP Notice:  Undefined variable: indraw in /var/www/html/module2/session1/ShowDraw/index.php on line 34, referer: http://localhost/module2/session1/ShowDraw/index.php?draw=rectangle
[Tue Jun 04 11:12:49.614184 2019] [php7:notice] [pid 6098] [client ::1:41070] PHP Notice:  Undefined variable: indraw in /var/www/html/module2/session1/ShowDraw/index.php on line 34, referer: http://localhost/module2/session1/ShowDraw/index.php?draw=rectangle
[Tue Jun 04 11:12:50.437900 2019] [php7:notice] [pid 6098] [client ::1:41070] PHP Notice:  Undefined variable: indraw in /var/www/html/module2/session1/ShowDraw/index.php on line 34, referer: http://localhost/module2/session1/ShowDraw/index.php?draw=rectangle
[Tue Jun 04 11:12:52.222969 2019] [php7:notice] [pid 6098] [client ::1:41070] PHP Notice:  Undefined variable: indraw in /var/www/html/module2/session1/ShowDraw/index.php on line 34, referer: http://localhost/module2/session1/ShowDraw/index.php?draw=rectangle
[Tue Jun 04 11:12:53.574979 2019] [php7:notice] [pid 6098] [client ::1:41070] PHP Notice:  Undefined variable: indraw in /var/www/html/module2/session1/ShowDraw/index.php on line 34, referer: http://localhost/module2/session1/ShowDraw/index.php?draw=squaretriangle
[Tue Jun 04 11:13:34.714892 2019] [php7:notice] [pid 6099] [client ::1:41076] PHP Notice:  Undefined variable: indraw in /var/www/html/module2/session1/ShowDraw/index.php on line 35, referer: http://localhost/module2/session1/ShowDraw/index.php?draw=squaretriangle
[Tue Jun 04 11:13:39.541131 2019] [php7:notice] [pid 6099] [client ::1:41076] PHP Notice:  Undefined variable: indraw in /var/www/html/module2/session1/ShowDraw/index.php on line 35, referer: http://localhost/module2/session1/ShowDraw/index.php?draw=isoscelestriangle
[Tue Jun 04 11:13:41.578430 2019] [php7:notice] [pid 6099] [client ::1:41076] PHP Notice:  Undefined variable: indraw in /var/www/html/module2/session1/ShowDraw/index.php on line 35, referer: http://localhost/module2/session1/ShowDraw/index.php?draw=rectangle
[Tue Jun 04 11:14:02.244469 2019] [php7:notice] [pid 6095] [client ::1:41080] PHP Notice:  Undefined variable: indraw in /var/www/html/module2/session1/ShowDraw/index.php on line 36, referer: http://localhost/module2/session1/ShowDraw/index.php?draw=rectangle
[Tue Jun 04 11:14:06.876037 2019] [php7:notice] [pid 6095] [client ::1:41080] PHP Notice:  Undefined variable: indraw in /var/www/html/module2/session1/ShowDraw/index.php on line 36, referer: http://localhost/module2/session1/ShowDraw/index.php?draw=rectangle
[Tue Jun 04 11:14:07.186543 2019] [php7:notice] [pid 6095] [client ::1:41080] PHP Notice:  Undefined variable: indraw in /var/www/html/module2/session1/ShowDraw/index.php on line 36, referer: http://localhost/module2/session1/ShowDraw/index.php?draw=rectangle
[Tue Jun 04 11:14:07.370303 2019] [php7:notice] [pid 6095] [client ::1:41080] PHP Notice:  Undefined variable: indraw in /var/www/html/module2/session1/ShowDraw/index.php on line 36, referer: http://localhost/module2/session1/ShowDraw/index.php?draw=rectangle
[Tue Jun 04 11:14:54.610015 2019] [php7:notice] [pid 6098] [client ::1:41086] PHP Notice:  Undefined variable: indraw in /var/www/html/module2/session1/ShowDraw/index.php on line 36, referer: http://localhost/module2/session1/ShowDraw/index.php?draw=rectangle
[Tue Jun 04 11:14:55.372998 2019] [php7:notice] [pid 6098] [client ::1:41086] PHP Notice:  Undefined variable: indraw in /var/www/html/module2/session1/ShowDraw/index.php on line 36, referer: http://localhost/module2/session1/ShowDraw/index.php?draw=rectangle
[Tue Jun 04 11:14:55.568733 2019] [php7:notice] [pid 6098] [client ::1:41086] PHP Notice:  Undefined variable: indraw in /var/www/html/module2/session1/ShowDraw/index.php on line 36, referer: http://localhost/module2/session1/ShowDraw/index.php?draw=rectangle
[Tue Jun 04 11:14:55.745350 2019] [php7:notice] [pid 6098] [client ::1:41086] PHP Notice:  Undefined variable: indraw in /var/www/html/module2/session1/ShowDraw/index.php on line 36, referer: http://localhost/module2/session1/ShowDraw/index.php?draw=rectangle
[Tue Jun 04 11:14:55.904675 2019] [php7:notice] [pid 6098] [client ::1:41086] PHP Notice:  Undefined variable: indraw in /var/www/html/module2/session1/ShowDraw/index.php on line 36, referer: http://localhost/module2/session1/ShowDraw/index.php?draw=rectangle
[Tue Jun 04 11:14:56.071450 2019] [php7:notice] [pid 6098] [client ::1:41086] PHP Notice:  Undefined variable: indraw in /var/www/html/module2/session1/ShowDraw/index.php on line 36, referer: http://localhost/module2/session1/ShowDraw/index.php?draw=rectangle
[Tue Jun 04 11:14:56.233299 2019] [php7:notice] [pid 6098] [client ::1:41086] PHP Notice:  Undefined variable: indraw in /var/www/html/module2/session1/ShowDraw/index.php on line 36, referer: http://localhost/module2/session1/ShowDraw/index.php?draw=rectangle
[Tue Jun 04 11:14:56.416670 2019] [php7:notice] [pid 6098] [client ::1:41086] PHP Notice:  Undefined variable: indraw in /var/www/html/module2/session1/ShowDraw/index.php on line 36, referer: http://localhost/module2/session1/ShowDraw/index.php?draw=rectangle
[Tue Jun 04 11:14:56.600920 2019] [php7:notice] [pid 6098] [client ::1:41086] PHP Notice:  Undefined variable: indraw in /var/www/html/module2/session1/ShowDraw/index.php on line 36, referer: http://localhost/module2/session1/ShowDraw/index.php?draw=rectangle
[Tue Jun 04 11:14:56.775360 2019] [php7:notice] [pid 6098] [client ::1:41086] PHP Notice:  Undefined variable: indraw in /var/www/html/module2/session1/ShowDraw/index.php on line 36, referer: http://localhost/module2/session1/ShowDraw/index.php?draw=rectangle
[Tue Jun 04 11:14:56.991935 2019] [php7:notice] [pid 6098] [client ::1:41086] PHP Notice:  Undefined variable: indraw in /var/www/html/module2/session1/ShowDraw/index.php on line 36, referer: http://localhost/module2/session1/ShowDraw/index.php?draw=rectangle
[Tue Jun 04 11:17:31.470377 2019] [php7:notice] [pid 6099] [client ::1:41100] PHP Notice:  Undefined variable: indraw in /var/www/html/module2/session1/ShowDraw/index.php on line 34, referer: http://localhost/module2/session1/ShowDraw/index.php?draw=rectangle
[Tue Jun 04 11:17:31.470405 2019] [php7:notice] [pid 6099] [client ::1:41100] PHP Notice:  Undefined variable: indraw in /var/www/html/module2/session1/ShowDraw/index.php on line 35, referer: http://localhost/module2/session1/ShowDraw/index.php?draw=rectangle
[Tue Jun 04 11:17:32.898087 2019] [php7:notice] [pid 6099] [client ::1:41100] PHP Notice:  Undefined variable: indraw in /var/www/html/module2/session1/ShowDraw/index.php on line 34, referer: http://localhost/module2/session1/ShowDraw/index.php?draw=rectangle
[Tue Jun 04 11:17:32.898119 2019] [php7:notice] [pid 6099] [client ::1:41100] PHP Notice:  Undefined variable: indraw in /var/www/html/module2/session1/ShowDraw/index.php on line 35, referer: http://localhost/module2/session1/ShowDraw/index.php?draw=rectangle
[Tue Jun 04 11:17:34.818928 2019] [php7:notice] [pid 6099] [client ::1:41100] PHP Notice:  Undefined variable: indraw in /var/www/html/module2/session1/ShowDraw/index.php on line 34, referer: http://localhost/module2/session1/ShowDraw/index.php?draw=rectangle
[Tue Jun 04 11:17:34.818952 2019] [php7:notice] [pid 6099] [client ::1:41100] PHP Notice:  Undefined variable: indraw in /var/www/html/module2/session1/ShowDraw/index.php on line 35, referer: http://localhost/module2/session1/ShowDraw/index.php?draw=rectangle
[Tue Jun 04 11:17:36.579194 2019] [php7:notice] [pid 6099] [client ::1:41100] PHP Notice:  Undefined variable: indraw in /var/www/html/module2/session1/ShowDraw/index.php on line 34, referer: http://localhost/module2/session1/ShowDraw/index.php?draw=squaretriangle
[Tue Jun 04 11:17:36.579231 2019] [php7:notice] [pid 6099] [client ::1:41100] PHP Notice:  Undefined variable: indraw in /var/www/html/module2/session1/ShowDraw/index.php on line 35, referer: http://localhost/module2/session1/ShowDraw/index.php?draw=squaretriangle
[Tue Jun 04 11:17:38.394368 2019] [php7:notice] [pid 6099] [client ::1:41100] PHP Notice:  Undefined variable: indraw in /var/www/html/module2/session1/ShowDraw/index.php on line 34, referer: http://localhost/module2/session1/ShowDraw/index.php?draw=isoscelestriangle
[Tue Jun 04 11:17:38.394388 2019] [php7:notice] [pid 6099] [client ::1:41100] PHP Notice:  Undefined variable: indraw in /var/www/html/module2/session1/ShowDraw/index.php on line 35, referer: http://localhost/module2/session1/ShowDraw/index.php?draw=isoscelestriangle
[Tue Jun 04 11:18:07.863621 2019] [php7:notice] [pid 6095] [client ::1:41108] PHP Notice:  Undefined variable: indraw in /var/www/html/module2/session1/ShowDraw/index.php on line 34, referer: http://localhost/module2/session1/ShowDraw/index.php?draw=isoscelestriangle
[Tue Jun 04 11:18:07.863665 2019] [php7:notice] [pid 6095] [client ::1:41108] PHP Notice:  Undefined variable: indraw in /var/www/html/module2/session1/ShowDraw/index.php on line 35, referer: http://localhost/module2/session1/ShowDraw/index.php?draw=isoscelestriangle
[Tue Jun 04 11:18:09.563424 2019] [php7:notice] [pid 6095] [client ::1:41108] PHP Notice:  Undefined variable: indraw in /var/www/html/module2/session1/ShowDraw/index.php on line 34, referer: http://localhost/module2/session1/ShowDraw/index.php?draw=rectangle
[Tue Jun 04 11:18:09.563453 2019] [php7:notice] [pid 6095] [client ::1:41108] PHP Notice:  Undefined variable: indraw in /var/www/html/module2/session1/ShowDraw/index.php on line 35, referer: http://localhost/module2/session1/ShowDraw/index.php?draw=rectangle
[Tue Jun 04 11:18:49.194587 2019] [php7:notice] [pid 6098] [client ::1:41112] PHP Notice:  Undefined variable: indraw in /var/www/html/module2/session1/ShowDraw/index.php on line 33, referer: http://localhost/module2/session1/ShowDraw/index.php?draw=rectangle
[Tue Jun 04 11:18:49.194619 2019] [php7:notice] [pid 6098] [client ::1:41112] PHP Notice:  Undefined variable: indraw in /var/www/html/module2/session1/ShowDraw/index.php on line 34, referer: http://localhost/module2/session1/ShowDraw/index.php?draw=rectangle
[Tue Jun 04 11:18:49.990801 2019] [php7:notice] [pid 6098] [client ::1:41112] PHP Notice:  Undefined variable: indraw in /var/www/html/module2/session1/ShowDraw/index.php on line 33, referer: http://localhost/module2/session1/ShowDraw/index.php?draw=rectangle
[Tue Jun 04 11:18:49.990824 2019] [php7:notice] [pid 6098] [client ::1:41112] PHP Notice:  Undefined variable: indraw in /var/www/html/module2/session1/ShowDraw/index.php on line 34, referer: http://localhost/module2/session1/ShowDraw/index.php?draw=rectangle
[Tue Jun 04 11:18:51.496000 2019] [php7:notice] [pid 6098] [client ::1:41112] PHP Notice:  Undefined variable: indraw in /var/www/html/module2/session1/ShowDraw/index.php on line 33, referer: http://localhost/module2/session1/ShowDraw/index.php?draw=rectangle
[Tue Jun 04 11:18:51.496025 2019] [php7:notice] [pid 6098] [client ::1:41112] PHP Notice:  Undefined variable: indraw in /var/www/html/module2/session1/ShowDraw/index.php on line 34, referer: http://localhost/module2/session1/ShowDraw/index.php?draw=rectangle
[Tue Jun 04 11:18:51.663224 2019] [php7:notice] [pid 6098] [client ::1:41112] PHP Notice:  Undefined variable: indraw in /var/www/html/module2/session1/ShowDraw/index.php on line 33, referer: http://localhost/module2/session1/ShowDraw/index.php?draw=rectangle
[Tue Jun 04 11:18:51.663246 2019] [php7:notice] [pid 6098] [client ::1:41112] PHP Notice:  Undefined variable: indraw in /var/www/html/module2/session1/ShowDraw/index.php on line 34, referer: http://localhost/module2/session1/ShowDraw/index.php?draw=rectangle
[Tue Jun 04 11:18:51.832272 2019] [php7:notice] [pid 6098] [client ::1:41112] PHP Notice:  Undefined variable: indraw in /var/www/html/module2/session1/ShowDraw/index.php on line 33, referer: http://localhost/module2/session1/ShowDraw/index.php?draw=rectangle
[Tue Jun 04 11:18:51.832314 2019] [php7:notice] [pid 6098] [client ::1:41112] PHP Notice:  Undefined variable: indraw in /var/www/html/module2/session1/ShowDraw/index.php on line 34, referer: http://localhost/module2/session1/ShowDraw/index.php?draw=rectangle
[Tue Jun 04 11:18:53.327394 2019] [php7:notice] [pid 6098] [client ::1:41112] PHP Notice:  Undefined variable: indraw in /var/www/html/module2/session1/ShowDraw/index.php on line 33, referer: http://localhost/module2/session1/ShowDraw/index.php?draw=rectangle
[Tue Jun 04 11:18:53.327439 2019] [php7:notice] [pid 6098] [client ::1:41112] PHP Notice:  Undefined variable: indraw in /var/www/html/module2/session1/ShowDraw/index.php on line 34, referer: http://localhost/module2/session1/ShowDraw/index.php?draw=rectangle
[Tue Jun 04 11:18:54.439346 2019] [php7:notice] [pid 6098] [client ::1:41112] PHP Notice:  Undefined variable: indraw in /var/www/html/module2/session1/ShowDraw/index.php on line 33, referer: http://localhost/module2/session1/ShowDraw/index.php?draw=rectangle
[Tue Jun 04 11:18:54.439405 2019] [php7:notice] [pid 6098] [client ::1:41112] PHP Notice:  Undefined variable: indraw in /var/www/html/module2/session1/ShowDraw/index.php on line 34, referer: http://localhost/module2/session1/ShowDraw/index.php?draw=rectangle
[Tue Jun 04 11:18:54.670883 2019] [php7:notice] [pid 6098] [client ::1:41112] PHP Notice:  Undefined variable: indraw in /var/www/html/module2/session1/ShowDraw/index.php on line 33, referer: http://localhost/module2/session1/ShowDraw/index.php?draw=rectangle
[Tue Jun 04 11:18:54.670928 2019] [php7:notice] [pid 6098] [client ::1:41112] PHP Notice:  Undefined variable: indraw in /var/www/html/module2/session1/ShowDraw/index.php on line 34, referer: http://localhost/module2/session1/ShowDraw/index.php?draw=rectangle
[Tue Jun 04 11:18:54.860460 2019] [php7:notice] [pid 6098] [client ::1:41112] PHP Notice:  Undefined variable: indraw in /var/www/html/module2/session1/ShowDraw/index.php on line 33, referer: http://localhost/module2/session1/ShowDraw/index.php?draw=rectangle
[Tue Jun 04 11:18:54.860489 2019] [php7:notice] [pid 6098] [client ::1:41112] PHP Notice:  Undefined variable: indraw in /var/www/html/module2/session1/ShowDraw/index.php on line 34, referer: http://localhost/module2/session1/ShowDraw/index.php?draw=rectangle
[Tue Jun 04 11:18:55.042332 2019] [php7:notice] [pid 6098] [client ::1:41112] PHP Notice:  Undefined variable: indraw in /var/www/html/module2/session1/ShowDraw/index.php on line 33, referer: http://localhost/module2/session1/ShowDraw/index.php?draw=rectangle
[Tue Jun 04 11:18:55.042376 2019] [php7:notice] [pid 6098] [client ::1:41112] PHP Notice:  Undefined variable: indraw in /var/www/html/module2/session1/ShowDraw/index.php on line 34, referer: http://localhost/module2/session1/ShowDraw/index.php?draw=rectangle
[Tue Jun 04 11:18:55.191350 2019] [php7:notice] [pid 6098] [client ::1:41112] PHP Notice:  Undefined variable: indraw in /var/www/html/module2/session1/ShowDraw/index.php on line 33, referer: http://localhost/module2/session1/ShowDraw/index.php?draw=rectangle
[Tue Jun 04 11:18:55.191375 2019] [php7:notice] [pid 6098] [client ::1:41112] PHP Notice:  Undefined variable: indraw in /var/www/html/module2/session1/ShowDraw/index.php on line 34, referer: http://localhost/module2/session1/ShowDraw/index.php?draw=rectangle
[Tue Jun 04 11:18:55.328588 2019] [php7:notice] [pid 6098] [client ::1:41112] PHP Notice:  Undefined variable: indraw in /var/www/html/module2/session1/ShowDraw/index.php on line 33, referer: http://localhost/module2/session1/ShowDraw/index.php?draw=rectangle
[Tue Jun 04 11:18:55.328635 2019] [php7:notice] [pid 6098] [client ::1:41112] PHP Notice:  Undefined variable: indraw in /var/www/html/module2/session1/ShowDraw/index.php on line 34, referer: http://localhost/module2/session1/ShowDraw/index.php?draw=rectangle
[Tue Jun 04 11:18:58.333468 2019] [php7:notice] [pid 6098] [client ::1:41112] PHP Notice:  Undefined variable: indraw in /var/www/html/module2/session1/ShowDraw/index.php on line 33
[Tue Jun 04 11:18:58.333492 2019] [php7:notice] [pid 6098] [client ::1:41112] PHP Notice:  Undefined variable: indraw in /var/www/html/module2/session1/ShowDraw/index.php on line 34
[Tue Jun 04 11:18:59.814449 2019] [php7:notice] [pid 6098] [client ::1:41112] PHP Notice:  Undefined variable: indraw in /var/www/html/module2/session1/ShowDraw/index.php on line 33, referer: http://localhost/module2/session1/ShowDraw/
[Tue Jun 04 11:18:59.814494 2019] [php7:notice] [pid 6098] [client ::1:41112] PHP Notice:  Undefined variable: indraw in /var/www/html/module2/session1/ShowDraw/index.php on line 34, referer: http://localhost/module2/session1/ShowDraw/
[Tue Jun 04 11:21:53.759757 2019] [php7:notice] [pid 6431] [client ::1:41140] PHP Notice:  Undefined variable: indraw in /var/www/html/module2/session1/ShowDraw/index.php on line 33, referer: http://localhost/module2/session1/ShowDraw/?draw=rectangle
[Tue Jun 04 11:22:38.438041 2019] [php7:notice] [pid 6096] [client ::1:41148] PHP Notice:  Undefined variable: indraw in /var/www/html/module2/session1/ShowDraw/index.php on line 34, referer: http://localhost/module2/session1/ShowDraw/?draw=rectangle
[Tue Jun 04 11:22:39.415508 2019] [php7:notice] [pid 6096] [client ::1:41148] PHP Notice:  Undefined variable: indraw in /var/www/html/module2/session1/ShowDraw/index.php on line 34, referer: http://localhost/module2/session1/ShowDraw/?draw=rectangle
[Tue Jun 04 11:22:41.433282 2019] [php7:notice] [pid 6096] [client ::1:41148] PHP Notice:  Undefined variable: indraw in /var/www/html/module2/session1/ShowDraw/index.php on line 34, referer: http://localhost/module2/session1/ShowDraw/?draw=rectangle
[Tue Jun 04 11:22:42.161072 2019] [php7:notice] [pid 6096] [client ::1:41148] PHP Notice:  Undefined variable: indraw in /var/www/html/module2/session1/ShowDraw/index.php on line 34, referer: http://localhost/module2/session1/ShowDraw/?draw=rectangle
[Tue Jun 04 11:22:42.344740 2019] [php7:notice] [pid 6096] [client ::1:41148] PHP Notice:  Undefined variable: indraw in /var/www/html/module2/session1/ShowDraw/index.php on line 34, referer: http://localhost/module2/session1/ShowDraw/?draw=rectangle
[Tue Jun 04 11:22:42.519375 2019] [php7:notice] [pid 6096] [client ::1:41148] PHP Notice:  Undefined variable: indraw in /var/www/html/module2/session1/ShowDraw/index.php on line 34, referer: http://localhost/module2/session1/ShowDraw/?draw=rectangle
[Tue Jun 04 11:22:49.415161 2019] [php7:notice] [pid 6098] [client ::1:41152] PHP Notice:  Undefined variable: indraw in /var/www/html/module2/session1/ShowDraw/index.php on line 34
[Tue Jun 04 11:22:51.823984 2019] [php7:notice] [pid 6098] [client ::1:41152] PHP Notice:  Undefined variable: indraw in /var/www/html/module2/session1/ShowDraw/index.php on line 34, referer: http://localhost/module2/session1/ShowDraw/?draw=rectangle
[Tue Jun 04 11:22:52.143402 2019] [php7:notice] [pid 6098] [client ::1:41152] PHP Notice:  Undefined variable: indraw in /var/www/html/module2/session1/ShowDraw/index.php on line 34, referer: http://localhost/module2/session1/ShowDraw/?draw=rectangle
[Tue Jun 04 11:22:52.319172 2019] [php7:notice] [pid 6098] [client ::1:41152] PHP Notice:  Undefined variable: indraw in /var/www/html/module2/session1/ShowDraw/index.php on line 34, referer: http://localhost/module2/session1/ShowDraw/?draw=rectangle
[Tue Jun 04 11:22:52.479926 2019] [php7:notice] [pid 6098] [client ::1:41152] PHP Notice:  Undefined variable: indraw in /var/www/html/module2/session1/ShowDraw/index.php on line 34, referer: http://localhost/module2/session1/ShowDraw/?draw=rectangle
[Tue Jun 04 11:22:52.631579 2019] [php7:notice] [pid 6098] [client ::1:41152] PHP Notice:  Undefined variable: indraw in /var/www/html/module2/session1/ShowDraw/index.php on line 34, referer: http://localhost/module2/session1/ShowDraw/?draw=rectangle
[Tue Jun 04 11:22:52.788195 2019] [php7:notice] [pid 6098] [client ::1:41152] PHP Notice:  Undefined variable: indraw in /var/www/html/module2/session1/ShowDraw/index.php on line 34, referer: http://localhost/module2/session1/ShowDraw/?draw=rectangle
[Tue Jun 04 11:22:52.958537 2019] [php7:notice] [pid 6098] [client ::1:41152] PHP Notice:  Undefined variable: indraw in /var/www/html/module2/session1/ShowDraw/index.php on line 34, referer: http://localhost/module2/session1/ShowDraw/?draw=rectangle
[Tue Jun 04 11:22:53.126518 2019] [php7:notice] [pid 6098] [client ::1:41152] PHP Notice:  Undefined variable: indraw in /var/www/html/module2/session1/ShowDraw/index.php on line 34, referer: http://localhost/module2/session1/ShowDraw/?draw=rectangle
[Tue Jun 04 11:22:59.827939 2019] [php7:notice] [pid 6431] [client ::1:41164] PHP Notice:  Undefined variable: indraw in /var/www/html/module2/session1/ShowDraw/index.php on line 34
[Tue Jun 04 11:23:01.366006 2019] [php7:notice] [pid 6431] [client ::1:41164] PHP Notice:  Undefined variable: indraw in /var/www/html/module2/session1/ShowDraw/index.php on line 34, referer: http://localhost/module2/session1/ShowDraw/index.php?_ijt=55vk7gjl0806egel4rrs88aj5r
[Tue Jun 04 11:23:02.941585 2019] [php7:notice] [pid 6431] [client ::1:41164] PHP Notice:  Undefined variable: indraw in /var/www/html/module2/session1/ShowDraw/index.php on line 34, referer: http://localhost/module2/session1/ShowDraw/index.php?draw=rectangle
[Tue Jun 04 11:23:03.133852 2019] [php7:notice] [pid 6431] [client ::1:41164] PHP Notice:  Undefined variable: indraw in /var/www/html/module2/session1/ShowDraw/index.php on line 34, referer: http://localhost/module2/session1/ShowDraw/index.php?draw=rectangle
[Tue Jun 04 11:23:29.799737 2019] [php7:notice] [pid 6097] [client ::1:41174] PHP Notice:  Undefined variable: indraw in /var/www/html/module2/session1/ShowDraw/index.php on line 34, referer: http://localhost/module2/session1/ShowDraw/index.php?draw=rectangle
[Tue Jun 04 11:24:38.585587 2019] [php7:notice] [pid 6099] [client ::1:41180] PHP Notice:  Undefined variable: indraw in /var/www/html/module2/session1/ShowDraw/index.php on line 34
[Tue Jun 04 11:24:38.585634 2019] [php7:notice] [pid 6099] [client ::1:41180] PHP Notice:  Undefined variable: indraw in /var/www/html/module2/session1/ShowDraw/index.php on line 35
[Tue Jun 04 11:36:04.477582 2019] [php7:notice] [pid 6099] [client ::1:41250] PHP Notice:  Undefined variable: indraw in /var/www/html/module2/session1/ShowDraw/index.php on line 63
[Tue Jun 04 11:36:49.381958 2019] [php7:notice] [pid 6431] [client ::1:41256] PHP Notice:  Undefined variable: indraw in /var/www/html/module2/session1/ShowDraw/index.php on line 63
[Tue Jun 04 11:37:58.679271 2019] [php7:emerg] [pid 6097] [client ::1:41264] PHP Parse error:  syntax error, unexpected ';' in /var/www/html/module2/session1/ShowDraw/index.php on line 47, referer: http://localhost/module2/session1/ShowDraw/index.php?_ijt=q1ro7mum894etcqg28an23d6c2
[Tue Jun 04 11:39:07.293463 2019] [php7:warn] [pid 6431] [client ::1:41276] PHP Warning:  Use of undefined constant j - assumed 'j' (this will throw an Error in a future version of PHP) in /var/www/html/module2/session1/ShowDraw/index.php on line 47, referer: http://localhost/module2/session1/ShowDraw/index.php?_ijt=q1ro7mum894etcqg28an23d6c2
[Tue Jun 04 11:39:07.293500 2019] [php7:warn] [pid 6431] [client ::1:41276] PHP Warning:  Use of undefined constant j - assumed 'j' (this will throw an Error in a future version of PHP) in /var/www/html/module2/session1/ShowDraw/index.php on line 47, referer: http://localhost/module2/session1/ShowDraw/index.php?_ijt=q1ro7mum894etcqg28an23d6c2
[Tue Jun 04 11:39:07.293512 2019] [php7:warn] [pid 6431] [client ::1:41276] PHP Warning:  Use of undefined constant j - assumed 'j' (this will throw an Error in a future version of PHP) in /var/www/html/module2/session1/ShowDraw/index.php on line 47, referer: http://localhost/module2/session1/ShowDraw/index.php?_ijt=q1ro7mum894etcqg28an23d6c2
[Tue Jun 04 11:39:07.293522 2019] [php7:warn] [pid 6431] [client ::1:41276] PHP Warning:  Use of undefined constant j - assumed 'j' (this will throw an Error in a future version of PHP) in /var/www/html/module2/session1/ShowDraw/index.php on line 47, referer: http://localhost/module2/session1/ShowDraw/index.php?_ijt=q1ro7mum894etcqg28an23d6c2
[Tue Jun 04 11:39:07.293532 2019] [php7:warn] [pid 6431] [client ::1:41276] PHP Warning:  Use of undefined constant j - assumed 'j' (this will throw an Error in a future version of PHP) in /var/www/html/module2/session1/ShowDraw/index.php on line 47, referer: http://localhost/module2/session1/ShowDraw/index.php?_ijt=q1ro7mum894etcqg28an23d6c2
[Tue Jun 04 11:39:07.293542 2019] [php7:warn] [pid 6431] [client ::1:41276] PHP Warning:  Use of undefined constant j - assumed 'j' (this will throw an Error in a future version of PHP) in /var/www/html/module2/session1/ShowDraw/index.php on line 47, referer: http://localhost/module2/session1/ShowDraw/index.php?_ijt=q1ro7mum894etcqg28an23d6c2
[Tue Jun 04 11:39:07.293551 2019] [php7:warn] [pid 6431] [client ::1:41276] PHP Warning:  Use of undefined constant j - assumed 'j' (this will throw an Error in a future version of PHP) in /var/www/html/module2/session1/ShowDraw/index.php on line 47, referer: http://localhost/module2/session1/ShowDraw/index.php?_ijt=q1ro7mum894etcqg28an23d6c2
[Tue Jun 04 11:39:07.293561 2019] [php7:warn] [pid 6431] [client ::1:41276] PHP Warning:  Use of undefined constant j - assumed 'j' (this will throw an Error in a future version of PHP) in /var/www/html/module2/session1/ShowDraw/index.php on line 47, referer: http://localhost/module2/session1/ShowDraw/index.php?_ijt=q1ro7mum894etcqg28an23d6c2
[Tue Jun 04 11:39:07.293571 2019] [php7:warn] [pid 6431] [client ::1:41276] PHP Warning:  Use of undefined constant j - assumed 'j' (this will throw an Error in a future version of PHP) in /var/www/html/module2/session1/ShowDraw/index.php on line 47, referer: http://localhost/module2/session1/ShowDraw/index.php?_ijt=q1ro7mum894etcqg28an23d6c2
[Tue Jun 04 11:39:07.293580 2019] [php7:warn] [pid 6431] [client ::1:41276] PHP Warning:  Use of undefined constant j - assumed 'j' (this will throw an Error in a future version of PHP) in /var/www/html/module2/session1/ShowDraw/index.php on line 47, referer: http://localhost/module2/session1/ShowDraw/index.php?_ijt=q1ro7mum894etcqg28an23d6c2
[Tue Jun 04 11:39:14.687327 2019] [php7:warn] [pid 6431] [client ::1:41276] PHP Warning:  Use of undefined constant j - assumed 'j' (this will throw an Error in a future version of PHP) in /var/www/html/module2/session1/ShowDraw/index.php on line 47, referer: http://localhost/module2/session1/ShowDraw/index.php?_ijt=q1ro7mum894etcqg28an23d6c2
[Tue Jun 04 11:39:14.687364 2019] [php7:warn] [pid 6431] [client ::1:41276] PHP Warning:  Use of undefined constant j - assumed 'j' (this will throw an Error in a future version of PHP) in /var/www/html/module2/session1/ShowDraw/index.php on line 47, referer: http://localhost/module2/session1/ShowDraw/index.php?_ijt=q1ro7mum894etcqg28an23d6c2
[Tue Jun 04 11:39:14.687372 2019] [php7:warn] [pid 6431] [client ::1:41276] PHP Warning:  Use of undefined constant j - assumed 'j' (this will throw an Error in a future version of PHP) in /var/www/html/module2/session1/ShowDraw/index.php on line 47, referer: http://localhost/module2/session1/ShowDraw/index.php?_ijt=q1ro7mum894etcqg28an23d6c2
[Tue Jun 04 11:39:14.687377 2019] [php7:warn] [pid 6431] [client ::1:41276] PHP Warning:  Use of undefined constant j - assumed 'j' (this will throw an Error in a future version of PHP) in /var/www/html/module2/session1/ShowDraw/index.php on line 47, referer: http://localhost/module2/session1/ShowDraw/index.php?_ijt=q1ro7mum894etcqg28an23d6c2
[Tue Jun 04 11:39:14.687383 2019] [php7:warn] [pid 6431] [client ::1:41276] PHP Warning:  Use of undefined constant j - assumed 'j' (this will throw an Error in a future version of PHP) in /var/www/html/module2/session1/ShowDraw/index.php on line 47, referer: http://localhost/module2/session1/ShowDraw/index.php?_ijt=q1ro7mum894etcqg28an23d6c2
[Tue Jun 04 11:39:14.687388 2019] [php7:warn] [pid 6431] [client ::1:41276] PHP Warning:  Use of undefined constant j - assumed 'j' (this will throw an Error in a future version of PHP) in /var/www/html/module2/session1/ShowDraw/index.php on line 47, referer: http://localhost/module2/session1/ShowDraw/index.php?_ijt=q1ro7mum894etcqg28an23d6c2
[Tue Jun 04 11:39:14.687393 2019] [php7:warn] [pid 6431] [client ::1:41276] PHP Warning:  Use of undefined constant j - assumed 'j' (this will throw an Error in a future version of PHP) in /var/www/html/module2/session1/ShowDraw/index.php on line 47, referer: http://localhost/module2/session1/ShowDraw/index.php?_ijt=q1ro7mum894etcqg28an23d6c2
[Tue Jun 04 11:39:14.687399 2019] [php7:warn] [pid 6431] [client ::1:41276] PHP Warning:  Use of undefined constant j - assumed 'j' (this will throw an Error in a future version of PHP) in /var/www/html/module2/session1/ShowDraw/index.php on line 47, referer: http://localhost/module2/session1/ShowDraw/index.php?_ijt=q1ro7mum894etcqg28an23d6c2
[Tue Jun 04 11:39:14.687404 2019] [php7:warn] [pid 6431] [client ::1:41276] PHP Warning:  Use of undefined constant j - assumed 'j' (this will throw an Error in a future version of PHP) in /var/www/html/module2/session1/ShowDraw/index.php on line 47, referer: http://localhost/module2/session1/ShowDraw/index.php?_ijt=q1ro7mum894etcqg28an23d6c2
[Tue Jun 04 11:39:14.687409 2019] [php7:warn] [pid 6431] [client ::1:41276] PHP Warning:  Use of undefined constant j - assumed 'j' (this will throw an Error in a future version of PHP) in /var/www/html/module2/session1/ShowDraw/index.php on line 47, referer: http://localhost/module2/session1/ShowDraw/index.php?_ijt=q1ro7mum894etcqg28an23d6c2
[Tue Jun 04 13:43:22.215855 2019] [php7:notice] [pid 6097] [client ::1:42988] PHP Notice:  Undefined index: nSNT in /var/www/html/module2/session1/ShowSNTNhoHon100/showSNT.php on line 3
[Tue Jun 04 13:49:39.514609 2019] [php7:notice] [pid 6098] [client ::1:43054] PHP Notice:  Undefined index: nSNT in /var/www/html/module2/session1/ShowSNTNhoHon100/showSNT.php on line 3
[Tue Jun 04 13:59:17.388527 2019] [php7:notice] [pid 6097] [client ::1:43234] PHP Notice:  Undefined index: nSNT in /var/www/html/module2/session1/ShowSNTNhoHon100/showSNT.php on line 3
[Tue Jun 04 14:05:53.633816 2019] [php7:emerg] [pid 6099] [client ::1:43290] PHP Parse error:  syntax error, unexpected 'for' (T_FOR) in /var/www/html/module2/session1/ShowSNTNhoHon100/showSNT.php on line 7, referer: http://localhost/module2/session1/ShowSNTNhoHon100/index.php?nSNT=100
[Tue Jun 04 14:05:54.698845 2019] [php7:emerg] [pid 6096] [client ::1:43292] PHP Parse error:  syntax error, unexpected 'for' (T_FOR) in /var/www/html/module2/session1/ShowSNTNhoHon100/showSNT.php on line 7, referer: http://localhost/module2/session1/ShowSNTNhoHon100/index.php?nSNT=100
[Tue Jun 04 14:05:59.476697 2019] [php7:emerg] [pid 6095] [client ::1:43294] PHP Parse error:  syntax error, unexpected '}' in /var/www/html/module2/session1/ShowSNTNhoHon100/showSNT.php on line 10, referer: http://localhost/module2/session1/ShowSNTNhoHon100/index.php?nSNT=100
[Tue Jun 04 14:06:04.187850 2019] [php7:notice] [pid 6098] [client ::1:43296] PHP Notice:  Undefined variable: prinSNT in /var/www/html/module2/session1/ShowSNTNhoHon100/showSNT.php on line 13, referer: http://localhost/module2/session1/ShowSNTNhoHon100/index.php?nSNT=100
[Tue Jun 04 14:42:02.886121 2019] [php7:notice] [pid 6099] [client ::1:43626] PHP Notice:  Undefined index: sSNT in /var/www/html/module2/session1/ShowNSoNT/index.php on line 17
[Tue Jun 04 14:42:05.626593 2019] [php7:notice] [pid 6099] [client ::1:43626] PHP Notice:  Undefined index: sSNT in /var/www/html/module2/session1/ShowNSoNT/index.php on line 17, referer: http://localhost/module2/session1/ShowNSoNT/index.php?_ijt=k008cgjav0shmgpkodmjont9m6
[Tue Jun 04 14:42:08.781003 2019] [php7:notice] [pid 6099] [client ::1:43626] PHP Notice:  Undefined index: sSNT in /var/www/html/module2/session1/ShowNSoNT/index.php on line 17, referer: http://localhost/module2/session1/ShowNSoNT/index.php?nSNT=122
[Tue Jun 04 14:45:04.843570 2019] [php7:notice] [pid 6095] [client ::1:43646] PHP Notice:  Undefined index: sSNT in /var/www/html/module2/session1/ShowNSoNT/index.php on line 17
[Tue Jun 04 14:45:08.841418 2019] [php7:notice] [pid 6095] [client ::1:43646] PHP Notice:  Undefined index: sSNT in /var/www/html/module2/session1/ShowNSoNT/index.php on line 17, referer: http://localhost/module2/session1/ShowNSoNT/index.php?_ijt=ckmulef2epgqgbe1qf1be582r4
[Tue Jun 04 14:45:32.187992 2019] [php7:notice] [pid 6431] [client ::1:43804] PHP Notice:  Undefined index: sSNT in /var/www/html/module2/session1/ShowNSoNT/index.php on line 17, referer: http://localhost/module2/session1/ShowNSoNT/index.php?_ijt=ckmulef2epgqgbe1qf1be582r4
[Tue Jun 04 14:46:12.884072 2019] [php7:notice] [pid 6099] [client ::1:44130] PHP Notice:  Undefined index: sSNT in /var/www/html/module2/session1/ShowNSoNT/index.php on line 17, referer: http://localhost/module2/session1/ShowNSoNT/index.php?_ijt=ckmulef2epgqgbe1qf1be582r4
[Tue Jun 04 14:46:55.238823 2019] [php7:notice] [pid 6095] [client ::1:44478] PHP Notice:  Undefined index: sSNT in /var/www/html/module2/session1/ShowNSoNT/index.php on line 17, referer: http://localhost/module2/session1/ShowNSoNT/index.php?_ijt=ckmulef2epgqgbe1qf1be582r4
[Tue Jun 04 14:47:21.452315 2019] [php7:notice] [pid 6431] [client ::1:44692] PHP Notice:  Undefined index: sSNT in /var/www/html/module2/session1/ShowNSoNT/index.php on line 17, referer: http://localhost/module2/session1/ShowNSoNT/index.php?_ijt=ckmulef2epgqgbe1qf1be582r4
[Tue Jun 04 14:47:26.764806 2019] [php7:notice] [pid 6097] [client ::1:44694] PHP Notice:  Undefined index: sSNT in /var/www/html/module2/session1/ShowNSoNT/index.php on line 17, referer: http://localhost/module2/session1/ShowNSoNT/index.php?nSNT=100
[Tue Jun 04 14:47:53.818870 2019] [php7:notice] [pid 6096] [client ::1:44960] PHP Notice:  Undefined index: sSNT in /var/www/html/module2/session1/ShowNSoNT/index.php on line 17, referer: http://localhost/module2/session1/ShowNSoNT/index.php?nSNT=133
[Tue Jun 04 14:48:01.474817 2019] [php7:notice] [pid 6095] [client ::1:44962] PHP Notice:  Undefined index: sSNT in /var/www/html/module2/session1/ShowNSoNT/index.php on line 17
[Tue Jun 04 14:48:06.972420 2019] [php7:notice] [pid 6098] [client ::1:45028] PHP Notice:  Undefined index: sSNT in /var/www/html/module2/session1/ShowNSoNT/index.php on line 17, referer: http://localhost/module2/session1/ShowNSoNT/index.php
[Tue Jun 04 14:48:36.229750 2019] [php7:notice] [pid 6097] [client ::1:45246] PHP Notice:  Undefined index: sSNT in /var/www/html/module2/session1/ShowNSoNT/index.php on line 17
[Tue Jun 04 14:48:38.827862 2019] [php7:notice] [pid 6097] [client ::1:45246] PHP Notice:  Undefined index: sSNT in /var/www/html/module2/session1/ShowNSoNT/index.php on line 17, referer: http://localhost/module2/session1/ShowNSoNT/index.php
[Tue Jun 04 14:49:27.643742 2019] [php7:notice] [pid 6096] [client ::1:45732] PHP Notice:  Undefined index: sSNT in /var/www/html/module2/session1/ShowNSoNT/index.php on line 17, referer: http://localhost/module2/session1/ShowNSoNT/index.php
[Tue Jun 04 14:49:47.316915 2019] [php7:notice] [pid 6098] [client ::1:45888] PHP Notice:  Undefined index: sSNT in /var/www/html/module2/session1/ShowNSoNT/index.php on line 17, referer: http://localhost/module2/session1/ShowNSoNT/index.php
[Tue Jun 04 14:50:35.851753 2019] [php7:notice] [pid 6097] [client ::1:46286] PHP Notice:  Undefined index: sSNT in /var/www/html/module2/session1/ShowNSoNT/index.php on line 17, referer: http://localhost/module2/session1/ShowNSoNT/index.php
[Tue Jun 04 14:50:57.927917 2019] [php7:notice] [pid 6096] [client ::1:46466] PHP Notice:  Undefined index: sSNT in /var/www/html/module2/session1/ShowNSoNT/index.php on line 17, referer: http://localhost/module2/session1/ShowNSoNT/index.php
[Tue Jun 04 14:51:34.060931 2019] [php7:notice] [pid 6098] [client ::1:46764] PHP Notice:  Undefined index: sSNT in /var/www/html/module2/session1/ShowNSoNT/index.php on line 17, referer: http://localhost/module2/session1/ShowNSoNT/index.php
[Tue Jun 04 14:51:39.042545 2019] [php7:notice] [pid 6098] [client ::1:46764] PHP Notice:  Undefined index: sSNT in /var/www/html/module2/session1/ShowNSoNT/index.php on line 17, referer: http://localhost/module2/session1/ShowNSoNT/index.php?nSNT=100
[Tue Jun 04 14:52:53.731072 2019] [php7:notice] [pid 6098] [client ::1:47412] PHP Notice:  Undefined index: nSNT in /var/www/html/module2/session1/ShowNSoNT/index.php on line 17
[Tue Jun 04 15:31:04.660898 2019] [php7:notice] [pid 6431] [client ::1:34118] PHP Notice:  Undefined index: profile in /var/www/html/module2/session2/LocDanhSachKH/index.php on line 81, referer: http://localhost/module2/session2/LocDanhSachKH/index.php?_ijt=ppsk38hgcebpe7bemp0m4uq60r
[Tue Jun 04 15:31:04.660927 2019] [php7:notice] [pid 6431] [client ::1:34118] PHP Notice:  Undefined index: profile in /var/www/html/module2/session2/LocDanhSachKH/index.php on line 81, referer: http://localhost/module2/session2/LocDanhSachKH/index.php?_ijt=ppsk38hgcebpe7bemp0m4uq60r
[Tue Jun 04 15:31:04.660935 2019] [php7:notice] [pid 6431] [client ::1:34118] PHP Notice:  Undefined index: profile in /var/www/html/module2/session2/LocDanhSachKH/index.php on line 81, referer: http://localhost/module2/session2/LocDanhSachKH/index.php?_ijt=ppsk38hgcebpe7bemp0m4uq60r
[Tue Jun 04 15:31:04.660942 2019] [php7:notice] [pid 6431] [client ::1:34118] PHP Notice:  Undefined index: profile in /var/www/html/module2/session2/LocDanhSachKH/index.php on line 81, referer: http://localhost/module2/session2/LocDanhSachKH/index.php?_ijt=ppsk38hgcebpe7bemp0m4uq60r
[Tue Jun 04 15:31:04.660949 2019] [php7:notice] [pid 6431] [client ::1:34118] PHP Notice:  Undefined index: profile in /var/www/html/module2/session2/LocDanhSachKH/index.php on line 81, referer: http://localhost/module2/session2/LocDanhSachKH/index.php?_ijt=ppsk38hgcebpe7bemp0m4uq60r
[Tue Jun 04 15:31:39.057273 2019] [php7:notice] [pid 6099] [client ::1:34400] PHP Notice:  Undefined index: profile in /var/www/html/module2/session2/LocDanhSachKH/index.php on line 81, referer: http://localhost/module2/session2/LocDanhSachKH/index.php?_ijt=ppsk38hgcebpe7bemp0m4uq60r
[Tue Jun 04 15:31:39.057307 2019] [php7:notice] [pid 6099] [client ::1:34400] PHP Notice:  Undefined index: profile in /var/www/html/module2/session2/LocDanhSachKH/index.php on line 81, referer: http://localhost/module2/session2/LocDanhSachKH/index.php?_ijt=ppsk38hgcebpe7bemp0m4uq60r
[Tue Jun 04 15:31:39.057318 2019] [php7:notice] [pid 6099] [client ::1:34400] PHP Notice:  Undefined index: profile in /var/www/html/module2/session2/LocDanhSachKH/index.php on line 81, referer: http://localhost/module2/session2/LocDanhSachKH/index.php?_ijt=ppsk38hgcebpe7bemp0m4uq60r
[Tue Jun 04 15:31:39.057340 2019] [php7:notice] [pid 6099] [client ::1:34400] PHP Notice:  Undefined index: profile in /var/www/html/module2/session2/LocDanhSachKH/index.php on line 81, referer: http://localhost/module2/session2/LocDanhSachKH/index.php?_ijt=ppsk38hgcebpe7bemp0m4uq60r
[Tue Jun 04 15:31:39.057350 2019] [php7:notice] [pid 6099] [client ::1:34400] PHP Notice:  Undefined index: profile in /var/www/html/module2/session2/LocDanhSachKH/index.php on line 81, referer: http://localhost/module2/session2/LocDanhSachKH/index.php?_ijt=ppsk38hgcebpe7bemp0m4uq60r
[Tue Jun 04 15:31:42.777391 2019] [php7:notice] [pid 6099] [client ::1:34400] PHP Notice:  Undefined index: profile in /var/www/html/module2/session2/LocDanhSachKH/index.php on line 81, referer: http://localhost/module2/session2/LocDanhSachKH/index.php?_ijt=ppsk38hgcebpe7bemp0m4uq60r
[Tue Jun 04 15:31:42.777421 2019] [php7:notice] [pid 6099] [client ::1:34400] PHP Notice:  Undefined index: profile in /var/www/html/module2/session2/LocDanhSachKH/index.php on line 81, referer: http://localhost/module2/session2/LocDanhSachKH/index.php?_ijt=ppsk38hgcebpe7bemp0m4uq60r
[Tue Jun 04 15:31:42.777435 2019] [php7:notice] [pid 6099] [client ::1:34400] PHP Notice:  Undefined index: profile in /var/www/html/module2/session2/LocDanhSachKH/index.php on line 81, referer: http://localhost/module2/session2/LocDanhSachKH/index.php?_ijt=ppsk38hgcebpe7bemp0m4uq60r
[Tue Jun 04 15:31:42.777446 2019] [php7:notice] [pid 6099] [client ::1:34400] PHP Notice:  Undefined index: profile in /var/www/html/module2/session2/LocDanhSachKH/index.php on line 81, referer: http://localhost/module2/session2/LocDanhSachKH/index.php?_ijt=ppsk38hgcebpe7bemp0m4uq60r
[Tue Jun 04 15:31:42.777456 2019] [php7:notice] [pid 6099] [client ::1:34400] PHP Notice:  Undefined index: profile in /var/www/html/module2/session2/LocDanhSachKH/index.php on line 81, referer: http://localhost/module2/session2/LocDanhSachKH/index.php?_ijt=ppsk38hgcebpe7bemp0m4uq60r
[Tue Jun 04 15:32:06.515228 2019] [php7:notice] [pid 6095] [client ::1:34630] PHP Notice:  Undefined index: profile in /var/www/html/module2/session2/LocDanhSachKH/index.php on line 81, referer: http://localhost/module2/session2/LocDanhSachKH/index.php?_ijt=ppsk38hgcebpe7bemp0m4uq60r
[Tue Jun 04 15:32:06.515263 2019] [php7:notice] [pid 6095] [client ::1:34630] PHP Notice:  Undefined index: profile in /var/www/html/module2/session2/LocDanhSachKH/index.php on line 81, referer: http://localhost/module2/session2/LocDanhSachKH/index.php?_ijt=ppsk38hgcebpe7bemp0m4uq60r
[Tue Jun 04 15:32:06.515272 2019] [php7:notice] [pid 6095] [client ::1:34630] PHP Notice:  Undefined index: profile in /var/www/html/module2/session2/LocDanhSachKH/index.php on line 81, referer: http://localhost/module2/session2/LocDanhSachKH/index.php?_ijt=ppsk38hgcebpe7bemp0m4uq60r
[Tue Jun 04 15:32:06.515280 2019] [php7:notice] [pid 6095] [client ::1:34630] PHP Notice:  Undefined index: profile in /var/www/html/module2/session2/LocDanhSachKH/index.php on line 81, referer: http://localhost/module2/session2/LocDanhSachKH/index.php?_ijt=ppsk38hgcebpe7bemp0m4uq60r
[Tue Jun 04 15:32:06.515287 2019] [php7:notice] [pid 6095] [client ::1:34630] PHP Notice:  Undefined index: profile in /var/www/html/module2/session2/LocDanhSachKH/index.php on line 81, referer: http://localhost/module2/session2/LocDanhSachKH/index.php?_ijt=ppsk38hgcebpe7bemp0m4uq60r
[Tue Jun 04 15:33:12.515835 2019] [php7:notice] [pid 6431] [client ::1:35166] PHP Notice:  Undefined index: profile in /var/www/html/module2/session2/LocDanhSachKH/index.php on line 81, referer: http://localhost/module2/session2/LocDanhSachKH/index.php?_ijt=ppsk38hgcebpe7bemp0m4uq60r
[Tue Jun 04 15:33:12.515862 2019] [php7:notice] [pid 6431] [client ::1:35166] PHP Notice:  Undefined index: profile in /var/www/html/module2/session2/LocDanhSachKH/index.php on line 81, referer: http://localhost/module2/session2/LocDanhSachKH/index.php?_ijt=ppsk38hgcebpe7bemp0m4uq60r
[Tue Jun 04 15:33:12.515877 2019] [php7:notice] [pid 6431] [client ::1:35166] PHP Notice:  Undefined index: profile in /var/www/html/module2/session2/LocDanhSachKH/index.php on line 81, referer: http://localhost/module2/session2/LocDanhSachKH/index.php?_ijt=ppsk38hgcebpe7bemp0m4uq60r
[Tue Jun 04 15:33:12.515884 2019] [php7:notice] [pid 6431] [client ::1:35166] PHP Notice:  Undefined index: profile in /var/www/html/module2/session2/LocDanhSachKH/index.php on line 81, referer: http://localhost/module2/session2/LocDanhSachKH/index.php?_ijt=ppsk38hgcebpe7bemp0m4uq60r
[Tue Jun 04 15:33:12.515891 2019] [php7:notice] [pid 6431] [client ::1:35166] PHP Notice:  Undefined index: profile in /var/www/html/module2/session2/LocDanhSachKH/index.php on line 81, referer: http://localhost/module2/session2/LocDanhSachKH/index.php?_ijt=ppsk38hgcebpe7bemp0m4uq60r
[Tue Jun 04 15:33:15.920890 2019] [php7:notice] [pid 6431] [client ::1:35166] PHP Notice:  Undefined index: profile in /var/www/html/module2/session2/LocDanhSachKH/index.php on line 81, referer: http://localhost/module2/session2/LocDanhSachKH/index.php?_ijt=ppsk38hgcebpe7bemp0m4uq60r
[Tue Jun 04 15:33:15.920923 2019] [php7:notice] [pid 6431] [client ::1:35166] PHP Notice:  Undefined index: profile in /var/www/html/module2/session2/LocDanhSachKH/index.php on line 81, referer: http://localhost/module2/session2/LocDanhSachKH/index.php?_ijt=ppsk38hgcebpe7bemp0m4uq60r
[Tue Jun 04 15:33:15.920934 2019] [php7:notice] [pid 6431] [client ::1:35166] PHP Notice:  Undefined index: profile in /var/www/html/module2/session2/LocDanhSachKH/index.php on line 81, referer: http://localhost/module2/session2/LocDanhSachKH/index.php?_ijt=ppsk38hgcebpe7bemp0m4uq60r
[Tue Jun 04 15:33:15.920944 2019] [php7:notice] [pid 6431] [client ::1:35166] PHP Notice:  Undefined index: profile in /var/www/html/module2/session2/LocDanhSachKH/index.php on line 81, referer: http://localhost/module2/session2/LocDanhSachKH/index.php?_ijt=ppsk38hgcebpe7bemp0m4uq60r
[Tue Jun 04 15:33:15.920954 2019] [php7:notice] [pid 6431] [client ::1:35166] PHP Notice:  Undefined index: profile in /var/www/html/module2/session2/LocDanhSachKH/index.php on line 81, referer: http://localhost/module2/session2/LocDanhSachKH/index.php?_ijt=ppsk38hgcebpe7bemp0m4uq60r
[Tue Jun 04 15:34:05.696560 2019] [php7:notice] [pid 6099] [client ::1:35598] PHP Notice:  Undefined index: profile in /var/www/html/module2/session2/LocDanhSachKH/index.php on line 84, referer: http://localhost/module2/session2/LocDanhSachKH/index.php?_ijt=ppsk38hgcebpe7bemp0m4uq60r
[Tue Jun 04 15:34:05.696601 2019] [php7:notice] [pid 6099] [client ::1:35598] PHP Notice:  Undefined index: profile in /var/www/html/module2/session2/LocDanhSachKH/index.php on line 84, referer: http://localhost/module2/session2/LocDanhSachKH/index.php?_ijt=ppsk38hgcebpe7bemp0m4uq60r
[Tue Jun 04 15:34:05.696616 2019] [php7:notice] [pid 6099] [client ::1:35598] PHP Notice:  Undefined index: profile in /var/www/html/module2/session2/LocDanhSachKH/index.php on line 84, referer: http://localhost/module2/session2/LocDanhSachKH/index.php?_ijt=ppsk38hgcebpe7bemp0m4uq60r
[Tue Jun 04 15:34:05.696629 2019] [php7:notice] [pid 6099] [client ::1:35598] PHP Notice:  Undefined index: profile in /var/www/html/module2/session2/LocDanhSachKH/index.php on line 84, referer: http://localhost/module2/session2/LocDanhSachKH/index.php?_ijt=ppsk38hgcebpe7bemp0m4uq60r
[Tue Jun 04 15:34:05.696642 2019] [php7:notice] [pid 6099] [client ::1:35598] PHP Notice:  Undefined index: profile in /var/www/html/module2/session2/LocDanhSachKH/index.php on line 84, referer: http://localhost/module2/session2/LocDanhSachKH/index.php?_ijt=ppsk38hgcebpe7bemp0m4uq60r
[Tue Jun 04 15:34:37.756354 2019] [php7:notice] [pid 6095] [client ::1:35860] PHP Notice:  Undefined index: profile in /var/www/html/module2/session2/LocDanhSachKH/index.php on line 84, referer: http://localhost/module2/session2/LocDanhSachKH/index.php?_ijt=ppsk38hgcebpe7bemp0m4uq60r
[Tue Jun 04 15:34:37.756383 2019] [php7:notice] [pid 6095] [client ::1:35860] PHP Notice:  Undefined index: profile in /var/www/html/module2/session2/LocDanhSachKH/index.php on line 84, referer: http://localhost/module2/session2/LocDanhSachKH/index.php?_ijt=ppsk38hgcebpe7bemp0m4uq60r
[Tue Jun 04 15:34:37.756390 2019] [php7:notice] [pid 6095] [client ::1:35860] PHP Notice:  Undefined index: profile in /var/www/html/module2/session2/LocDanhSachKH/index.php on line 84, referer: http://localhost/module2/session2/LocDanhSachKH/index.php?_ijt=ppsk38hgcebpe7bemp0m4uq60r
[Tue Jun 04 15:34:37.756396 2019] [php7:notice] [pid 6095] [client ::1:35860] PHP Notice:  Undefined index: profile in /var/www/html/module2/session2/LocDanhSachKH/index.php on line 84, referer: http://localhost/module2/session2/LocDanhSachKH/index.php?_ijt=ppsk38hgcebpe7bemp0m4uq60r
[Tue Jun 04 15:34:37.756402 2019] [php7:notice] [pid 6095] [client ::1:35860] PHP Notice:  Undefined index: profile in /var/www/html/module2/session2/LocDanhSachKH/index.php on line 84, referer: http://localhost/module2/session2/LocDanhSachKH/index.php?_ijt=ppsk38hgcebpe7bemp0m4uq60r
[Tue Jun 04 15:34:57.104472 2019] [php7:notice] [pid 6431] [client ::1:36016] PHP Notice:  Undefined index: profile in /var/www/html/module2/session2/LocDanhSachKH/index.php on line 85, referer: http://localhost/module2/session2/LocDanhSachKH/index.php?_ijt=ppsk38hgcebpe7bemp0m4uq60r
[Tue Jun 04 15:34:57.104504 2019] [php7:notice] [pid 6431] [client ::1:36016] PHP Notice:  Undefined index: profile in /var/www/html/module2/session2/LocDanhSachKH/index.php on line 85, referer: http://localhost/module2/session2/LocDanhSachKH/index.php?_ijt=ppsk38hgcebpe7bemp0m4uq60r
[Tue Jun 04 15:34:57.104515 2019] [php7:notice] [pid 6431] [client ::1:36016] PHP Notice:  Undefined index: profile in /var/www/html/module2/session2/LocDanhSachKH/index.php on line 85, referer: http://localhost/module2/session2/LocDanhSachKH/index.php?_ijt=ppsk38hgcebpe7bemp0m4uq60r
[Tue Jun 04 15:34:57.104524 2019] [php7:notice] [pid 6431] [client ::1:36016] PHP Notice:  Undefined index: profile in /var/www/html/module2/session2/LocDanhSachKH/index.php on line 85, referer: http://localhost/module2/session2/LocDanhSachKH/index.php?_ijt=ppsk38hgcebpe7bemp0m4uq60r
[Tue Jun 04 15:34:57.104534 2019] [php7:notice] [pid 6431] [client ::1:36016] PHP Notice:  Undefined index: profile in /var/www/html/module2/session2/LocDanhSachKH/index.php on line 85, referer: http://localhost/module2/session2/LocDanhSachKH/index.php?_ijt=ppsk38hgcebpe7bemp0m4uq60r
[Tue Jun 04 15:35:29.470115 2019] [php7:notice] [pid 6099] [client ::1:36282] PHP Notice:  Undefined index: profile in /var/www/html/module2/session2/LocDanhSachKH/index.php on line 86, referer: http://localhost/module2/session2/LocDanhSachKH/index.php?_ijt=ppsk38hgcebpe7bemp0m4uq60r
[Tue Jun 04 15:35:29.470147 2019] [php7:notice] [pid 6099] [client ::1:36282] PHP Notice:  Undefined index: profile in /var/www/html/module2/session2/LocDanhSachKH/index.php on line 86, referer: http://localhost/module2/session2/LocDanhSachKH/index.php?_ijt=ppsk38hgcebpe7bemp0m4uq60r
[Tue Jun 04 15:35:29.470158 2019] [php7:notice] [pid 6099] [client ::1:36282] PHP Notice:  Undefined index: profile in /var/www/html/module2/session2/LocDanhSachKH/index.php on line 86, referer: http://localhost/module2/session2/LocDanhSachKH/index.php?_ijt=ppsk38hgcebpe7bemp0m4uq60r
[Tue Jun 04 15:35:29.470167 2019] [php7:notice] [pid 6099] [client ::1:36282] PHP Notice:  Undefined index: profile in /var/www/html/module2/session2/LocDanhSachKH/index.php on line 86, referer: http://localhost/module2/session2/LocDanhSachKH/index.php?_ijt=ppsk38hgcebpe7bemp0m4uq60r
[Tue Jun 04 15:35:29.470175 2019] [php7:notice] [pid 6099] [client ::1:36282] PHP Notice:  Undefined index: profile in /var/www/html/module2/session2/LocDanhSachKH/index.php on line 86, referer: http://localhost/module2/session2/LocDanhSachKH/index.php?_ijt=ppsk38hgcebpe7bemp0m4uq60r
[Tue Jun 04 15:35:41.526699 2019] [php7:notice] [pid 6095] [client ::1:36382] PHP Notice:  Undefined index: profile in /var/www/html/module2/session2/LocDanhSachKH/index.php on line 86, referer: http://localhost/module2/session2/LocDanhSachKH/index.php?_ijt=ppsk38hgcebpe7bemp0m4uq60r
[Tue Jun 04 15:35:41.526741 2019] [php7:notice] [pid 6095] [client ::1:36382] PHP Notice:  Undefined index: profile in /var/www/html/module2/session2/LocDanhSachKH/index.php on line 86, referer: http://localhost/module2/session2/LocDanhSachKH/index.php?_ijt=ppsk38hgcebpe7bemp0m4uq60r
[Tue Jun 04 15:35:41.526751 2019] [php7:notice] [pid 6095] [client ::1:36382] PHP Notice:  Undefined index: profile in /var/www/html/module2/session2/LocDanhSachKH/index.php on line 86, referer: http://localhost/module2/session2/LocDanhSachKH/index.php?_ijt=ppsk38hgcebpe7bemp0m4uq60r
[Tue Jun 04 15:35:41.526760 2019] [php7:notice] [pid 6095] [client ::1:36382] PHP Notice:  Undefined index: profile in /var/www/html/module2/session2/LocDanhSachKH/index.php on line 86, referer: http://localhost/module2/session2/LocDanhSachKH/index.php?_ijt=ppsk38hgcebpe7bemp0m4uq60r
[Tue Jun 04 15:35:41.526769 2019] [php7:notice] [pid 6095] [client ::1:36382] PHP Notice:  Undefined index: profile in /var/www/html/module2/session2/LocDanhSachKH/index.php on line 86, referer: http://localhost/module2/session2/LocDanhSachKH/index.php?_ijt=ppsk38hgcebpe7bemp0m4uq60r
[Tue Jun 04 15:35:58.806965 2019] [php7:notice] [pid 6431] [client ::1:36530] PHP Notice:  Undefined index: profile in /var/www/html/module2/session2/LocDanhSachKH/index.php on line 86, referer: http://localhost/module2/session2/LocDanhSachKH/index.php?_ijt=ppsk38hgcebpe7bemp0m4uq60r
[Tue Jun 04 15:35:58.807000 2019] [php7:notice] [pid 6431] [client ::1:36530] PHP Notice:  Undefined index: profile in /var/www/html/module2/session2/LocDanhSachKH/index.php on line 86, referer: http://localhost/module2/session2/LocDanhSachKH/index.php?_ijt=ppsk38hgcebpe7bemp0m4uq60r
[Tue Jun 04 15:35:58.807011 2019] [php7:notice] [pid 6431] [client ::1:36530] PHP Notice:  Undefined index: profile in /var/www/html/module2/session2/LocDanhSachKH/index.php on line 86, referer: http://localhost/module2/session2/LocDanhSachKH/index.php?_ijt=ppsk38hgcebpe7bemp0m4uq60r
[Tue Jun 04 15:35:58.807022 2019] [php7:notice] [pid 6431] [client ::1:36530] PHP Notice:  Undefined index: profile in /var/www/html/module2/session2/LocDanhSachKH/index.php on line 86, referer: http://localhost/module2/session2/LocDanhSachKH/index.php?_ijt=ppsk38hgcebpe7bemp0m4uq60r
[Tue Jun 04 15:35:58.807032 2019] [php7:notice] [pid 6431] [client ::1:36530] PHP Notice:  Undefined index: profile in /var/www/html/module2/session2/LocDanhSachKH/index.php on line 86, referer: http://localhost/module2/session2/LocDanhSachKH/index.php?_ijt=ppsk38hgcebpe7bemp0m4uq60r
[Tue Jun 04 15:38:36.230153 2019] [php7:notice] [pid 6099] [client ::1:37798] PHP Notice:  Undefined index: profile in /var/www/html/module2/session2/LocDanhSachKH/index.php on line 86, referer: http://localhost/module2/session2/LocDanhSachKH/index.php?_ijt=ppsk38hgcebpe7bemp0m4uq60r
[Tue Jun 04 15:38:36.230194 2019] [php7:notice] [pid 6099] [client ::1:37798] PHP Notice:  Undefined index: profile in /var/www/html/module2/session2/LocDanhSachKH/index.php on line 86, referer: http://localhost/module2/session2/LocDanhSachKH/index.php?_ijt=ppsk38hgcebpe7bemp0m4uq60r
[Tue Jun 04 15:38:36.230206 2019] [php7:notice] [pid 6099] [client ::1:37798] PHP Notice:  Undefined index: profile in /var/www/html/module2/session2/LocDanhSachKH/index.php on line 86, referer: http://localhost/module2/session2/LocDanhSachKH/index.php?_ijt=ppsk38hgcebpe7bemp0m4uq60r
[Tue Jun 04 15:38:36.230216 2019] [php7:notice] [pid 6099] [client ::1:37798] PHP Notice:  Undefined index: profile in /var/www/html/module2/session2/LocDanhSachKH/index.php on line 86, referer: http://localhost/module2/session2/LocDanhSachKH/index.php?_ijt=ppsk38hgcebpe7bemp0m4uq60r
[Tue Jun 04 15:38:36.230226 2019] [php7:notice] [pid 6099] [client ::1:37798] PHP Notice:  Undefined index: profile in /var/www/html/module2/session2/LocDanhSachKH/index.php on line 86, referer: http://localhost/module2/session2/LocDanhSachKH/index.php?_ijt=ppsk38hgcebpe7bemp0m4uq60r
[Tue Jun 04 15:38:40.432622 2019] [php7:notice] [pid 6099] [client ::1:37798] PHP Notice:  Undefined index: profile in /var/www/html/module2/session2/LocDanhSachKH/index.php on line 86, referer: http://localhost/module2/session2/LocDanhSachKH/index.php?_ijt=ppsk38hgcebpe7bemp0m4uq60r
[Tue Jun 04 15:38:40.432664 2019] [php7:notice] [pid 6099] [client ::1:37798] PHP Notice:  Undefined index: profile in /var/www/html/module2/session2/LocDanhSachKH/index.php on line 86, referer: http://localhost/module2/session2/LocDanhSachKH/index.php?_ijt=ppsk38hgcebpe7bemp0m4uq60r
[Tue Jun 04 15:38:40.432676 2019] [php7:notice] [pid 6099] [client ::1:37798] PHP Notice:  Undefined index: profile in /var/www/html/module2/session2/LocDanhSachKH/index.php on line 86, referer: http://localhost/module2/session2/LocDanhSachKH/index.php?_ijt=ppsk38hgcebpe7bemp0m4uq60r
[Tue Jun 04 15:38:40.432686 2019] [php7:notice] [pid 6099] [client ::1:37798] PHP Notice:  Undefined index: profile in /var/www/html/module2/session2/LocDanhSachKH/index.php on line 86, referer: http://localhost/module2/session2/LocDanhSachKH/index.php?_ijt=ppsk38hgcebpe7bemp0m4uq60r
[Tue Jun 04 15:38:40.432695 2019] [php7:notice] [pid 6099] [client ::1:37798] PHP Notice:  Undefined index: profile in /var/www/html/module2/session2/LocDanhSachKH/index.php on line 86, referer: http://localhost/module2/session2/LocDanhSachKH/index.php?_ijt=ppsk38hgcebpe7bemp0m4uq60r
[Tue Jun 04 15:39:22.726012 2019] [php7:notice] [pid 6095] [client ::1:38180] PHP Notice:  Undefined index: profile in /var/www/html/module2/session2/LocDanhSachKH/index.php on line 86, referer: http://localhost/module2/session2/LocDanhSachKH/index.php?_ijt=ppsk38hgcebpe7bemp0m4uq60r
[Tue Jun 04 15:39:22.726055 2019] [php7:notice] [pid 6095] [client ::1:38180] PHP Notice:  Undefined index: profile in /var/www/html/module2/session2/LocDanhSachKH/index.php on line 86, referer: http://localhost/module2/session2/LocDanhSachKH/index.php?_ijt=ppsk38hgcebpe7bemp0m4uq60r
[Tue Jun 04 15:39:22.726081 2019] [php7:notice] [pid 6095] [client ::1:38180] PHP Notice:  Undefined index: profile in /var/www/html/module2/session2/LocDanhSachKH/index.php on line 86, referer: http://localhost/module2/session2/LocDanhSachKH/index.php?_ijt=ppsk38hgcebpe7bemp0m4uq60r
